<?xml version="1.0" encoding="UTF-8"?>
<testsuite name="org.example.AppTest" tests="1" skipped="0" failures="0" errors="0" timestamp="2024-06-25T16:06:05" hostname="Ilhams-MacBook-Pro.local" time="0.023">
  <properties/>
  <testcase name="appHasAGreeting()" classname="org.example.AppTest" time="0.023"/>
  <system-out><![CDATA[]]></system-out>
  <system-err><![CDATA[]]></system-err>
</testsuite>
